<?xml version="1.0" encoding="UTF-8"?>
<testsuite xmlns:xsi="http://www.w3.org/2001/XMLSchema-instance" xsi:noNamespaceSchemaLocation="https://maven.apache.org/surefire/maven-surefire-plugin/xsd/surefire-test-report-3.0.xsd" version="3.0" name="TestSuite" time="23.498" tests="1" errors="0" skipped="0" failures="0">
  <properties>
[...]
</properties>
  <testcase name="compareCreditCardsDetails" classname="dbs.CompareCreditCards" time="6.756">
    <system-out><![CDATA[Launching google chrome with new profile..
Successfully displayed card details : It's the fastest way to fly anywhere of card - DBS Altitude Visa Signature Card

Successfully displayed card details : VISA of card - DBS Altitude Visa Signature Card

Successfully displayed card details : S$30,000 of card - DBS Altitude Visa Signature Card

Successfully displayed card details : S$45,000 of card - DBS Altitude Visa Signature Card

Successfully displayed card details : 1 Year of card - DBS Altitude Visa Signature Card

Successfully displayed card details : Shopping is the new black of card - DBS Black Visa Card

Successfully displayed card details : VISA of card - DBS Black Visa Card

Successfully displayed card details : S$30,000 of card - DBS Black Visa Card

Successfully displayed card details : S$45,000 of card - DBS Black Visa Card

Successfully displayed card details : 1 Year of card - DBS Black Visa Card

]]></system-out>
    <system-err><![CDATA[Starting ChromeDriver 88.0.4324.96 (68dba2d8a0b149a1d3afac56fa74648032bcf46b-refs/branch-heads/4324@{#1784}) on port 19360
Only local connections are allowed.
Please see https://chromedriver.chromium.org/security-considerations for suggestions on keeping ChromeDriver safe.
ChromeDriver was started successfully.
Feb 17, 2021 11:33:01 PM org.openqa.selenium.remote.ProtocolHandshake createSession
INFO: Detected dialect: W3C
]]></system-err>
  </testcase>
</testsuite>