<?xml version="1.0" encoding="UTF-8"?>
<testng-results ignored="0" total="1" passed="1" failed="0" skipped="0">
  <reporter-output>
    <line>
      <![CDATA[Successfully displayed card details : It's the fastest way to fly anywhere of card - DBS Altitude Visa Signature Card
]]>
    </line>
    <line>
      <![CDATA[Successfully displayed card details : VISA of card - DBS Altitude Visa Signature Card
]]>
    </line>
    <line>
      <![CDATA[Successfully displayed card details : S$30,000 of card - DBS Altitude Visa Signature Card
]]>
    </line>
    <line>
      <![CDATA[Successfully displayed card details : S$45,000 of card - DBS Altitude Visa Signature Card
]]>
    </line>
    <line>
      <![CDATA[Successfully displayed card details : 1 Year of card - DBS Altitude Visa Signature Card
]]>
    </line>
    <line>
      <![CDATA[Successfully displayed card details : Shopping is the new black of card - DBS Black Visa Card
]]>
    </line>
    <line>
      <![CDATA[Successfully displayed card details : VISA of card - DBS Black Visa Card
]]>
    </line>
    <line>
      <![CDATA[Successfully displayed card details : S$30,000 of card - DBS Black Visa Card
]]>
    </line>
    <line>
      <![CDATA[Successfully displayed card details : S$45,000 of card - DBS Black Visa Card
]]>
    </line>
    <line>
      <![CDATA[Successfully displayed card details : 1 Year of card - DBS Black Visa Card
]]>
    </line>
  </reporter-output>
  <suite started-at="2021-02-17T22:46:51 IST" name="Suite" finished-at="2021-02-17T22:47:15 IST" duration-ms="23338">
    <groups>
    </groups>
    <test started-at="2021-02-17T22:46:51 IST" name="Test" finished-at="2021-02-17T22:47:15 IST" duration-ms="23338">
      <class name="dbs.CompareCreditCards">
        <test-method is-config="true" signature="initializeTestBaseSetup(java.lang.String, java.lang.String)[pri:0, instance:dbs.CompareCreditCards@53aad5d5]" started-at="2021-02-17T22:46:51 IST" name="initializeTestBaseSetup" finished-at="2021-02-17T22:47:08 IST" duration-ms="16119" status="PASS">
          <params>
            <param index="0">
              <value>
                <![CDATA[chrome]]>
              </value>
            </param>
            <param index="1">
              <value>
                <![CDATA[https://www.dbs.com.sg/personal]]>
              </value>
            </param>
          </params>
          <reporter-output>
          </reporter-output>
        </test-method> <!-- initializeTestBaseSetup -->
        <test-method is-config="true" signature="setUp()[pri:0, instance:dbs.CompareCreditCards@53aad5d5]" started-at="2021-02-17T22:47:08 IST" name="setUp" finished-at="2021-02-17T22:47:08 IST" duration-ms="0" status="PASS">
          <reporter-output>
          </reporter-output>
        </test-method> <!-- setUp -->
        <test-method signature="compareCreditCardsDetails()[pri:0, instance:dbs.CompareCreditCards@53aad5d5]" started-at="2021-02-17T22:47:08 IST" name="compareCreditCardsDetails" finished-at="2021-02-17T22:47:14 IST" duration-ms="6561" status="PASS">
          <reporter-output>
            <line>
              <![CDATA[Successfully displayed card details : It's the fastest way to fly anywhere of card - DBS Altitude Visa Signature Card
]]>
            </line>
            <line>
              <![CDATA[Successfully displayed card details : VISA of card - DBS Altitude Visa Signature Card
]]>
            </line>
            <line>
              <![CDATA[Successfully displayed card details : S$30,000 of card - DBS Altitude Visa Signature Card
]]>
            </line>
            <line>
              <![CDATA[Successfully displayed card details : S$45,000 of card - DBS Altitude Visa Signature Card
]]>
            </line>
            <line>
              <![CDATA[Successfully displayed card details : 1 Year of card - DBS Altitude Visa Signature Card
]]>
            </line>
            <line>
              <![CDATA[Successfully displayed card details : Shopping is the new black of card - DBS Black Visa Card
]]>
            </line>
            <line>
              <![CDATA[Successfully displayed card details : VISA of card - DBS Black Visa Card
]]>
            </line>
            <line>
              <![CDATA[Successfully displayed card details : S$30,000 of card - DBS Black Visa Card
]]>
            </line>
            <line>
              <![CDATA[Successfully displayed card details : S$45,000 of card - DBS Black Visa Card
]]>
            </line>
            <line>
              <![CDATA[Successfully displayed card details : 1 Year of card - DBS Black Visa Card
]]>
            </line>
          </reporter-output>
        </test-method> <!-- compareCreditCardsDetails -->
        <test-method is-config="true" signature="tearDown()[pri:0, instance:dbs.CompareCreditCards@53aad5d5]" started-at="2021-02-17T22:47:14 IST" name="tearDown" finished-at="2021-02-17T22:47:15 IST" duration-ms="636" status="PASS">
          <reporter-output>
          </reporter-output>
        </test-method> <!-- tearDown -->
      </class> <!-- dbs.CompareCreditCards -->
    </test> <!-- Test -->
  </suite> <!-- Suite -->
</testng-results>
